<?xml version="1.0" encoding="UTF-8"?>
<!-- Generated by org.testng.reporters.JUnitReportReporter -->
<testsuite skipped="1" hostname="CDC2-D-6S7JH92" name="sample.Action" tests="2" failures="0" timestamp="01 Aug 2019 10:41:11 GMT" time="9.278" errors="1">
  <testcase name="beforeClass" time="9.278" classname="sample.Action">
    <error type="org.openqa.selenium.SessionNotCreatedException" message="session not created
from disconnected: received Inspector.detached event
  (Session info: chrome=75.0.3770.142)
Build info: version: &#039;3.141.59&#039;, revision: &#039;e82be7d358&#039;, time: &#039;2018-11-14T08:17:03&#039;
System info: host: &#039;CDC2-D-6S7JH92&#039;, ip: &#039;10.220.69.17&#039;, os.name: &#039;Windows 10&#039;, os.arch: &#039;amd64&#039;, os.version: &#039;10.0&#039;, java.version: &#039;1.8.0_201&#039;
Driver info: driver.version: ChromeDriver
remote stacktrace: Backtrace:
	Ordinal0 [0x00341B43+1448771]
	Ordinal0 [0x002C5A31+940593]
	Ordinal0 [0x00252293+467603]
	Ordinal0 [0x0024AB29+437033]
	Ordinal0 [0x0024A718+435992]
	Ordinal0 [0x0024A491+435345]
	Ordinal0 [0x00249ADC+432860]
	Ordinal0 [0x00249674+431732]
	Ordinal0 [0x00249635+431669]
	Ordinal0 [0x0024DC99+449689]
	Ordinal0 [0x002495EC+431596]
	Ordinal0 [0x0024A145+434501]
	Ordinal0 [0x00249ADC+432860]
	Ordinal0 [0x00249674+431732]
	Ordinal0 [0x00249635+431669]
	Ordinal0 [0x0024D437+447543]
	Ordinal0 [0x002495EC+431596]
	Ordinal0 [0x0024A145+434501]
	Ordinal0 [0x00249ADC+432860]
	Ordinal0 [0x00249674+431732]
	Ordinal0 [0x00249635+431669]
	Ordinal0 [0x002462CC+418508]
	Ordinal0 [0x002495EC+431596]
	Ordinal0 [0x002494D4+431316]
	Ordinal0 [0x00252EF0+470768]
	Ordinal0 [0x002094BE+169150]
	Ordinal0 [0x002088DD+166109]
	Ordinal0 [0x00206FEB+159723]
	Ordinal0 [0x001F09F6+68086]
	Ordinal0 [0x001F1990+72080]
	Ordinal0 [0x001F1929+71977]
	GetHandleVerifier [0x00482E8C+1172172]
	GetHandleVerifier [0x003DFE55+504469]
	GetHandleVerifier [0x003DFBF0+503856]
	Ordinal0 [0x0034C9C8+1493448]
	GetHandleVerifier [0x003E062A+506474]
	Ordinal0 [0x002D7156+1012054]
	Ordinal0 [0x002D6FCF+1011663]
	Ordinal0 [0x002E135B+1053531]
	Ordinal0 [0x002E14C3+1053891]
	Ordinal0 [0x002E04F5+1049845]
	BaseThreadInitThunk [0x74BD8494+36]
	RtlAreBitsSet [0x77AA41C8+136]
	RtlAreBitsSet [0x77AA4198+88]
">
      <![CDATA[org.openqa.selenium.SessionNotCreatedException: session not created
from disconnected: received Inspector.detached event
  (Session info: chrome=75.0.3770.142)
Build info: version: '3.141.59', revision: 'e82be7d358', time: '2018-11-14T08:17:03'
System info: host: 'CDC2-D-6S7JH92', ip: '10.220.69.17', os.name: 'Windows 10', os.arch: 'amd64', os.version: '10.0', java.version: '1.8.0_201'
Driver info: driver.version: ChromeDriver
remote stacktrace: Backtrace:
Ordinal0 [0x00341B43+1448771]
Ordinal0 [0x002C5A31+940593]
Ordinal0 [0x00252293+467603]
Ordinal0 [0x0024AB29+437033]
Ordinal0 [0x0024A718+435992]
Ordinal0 [0x0024A491+435345]
Ordinal0 [0x00249ADC+432860]
Ordinal0 [0x00249674+431732]
Ordinal0 [0x00249635+431669]
Ordinal0 [0x0024DC99+449689]
Ordinal0 [0x002495EC+431596]
Ordinal0 [0x0024A145+434501]
Ordinal0 [0x00249ADC+432860]
Ordinal0 [0x00249674+431732]
Ordinal0 [0x00249635+431669]
Ordinal0 [0x0024D437+447543]
Ordinal0 [0x002495EC+431596]
Ordinal0 [0x0024A145+434501]
Ordinal0 [0x00249ADC+432860]
Ordinal0 [0x00249674+431732]
Ordinal0 [0x00249635+431669]
Ordinal0 [0x002462CC+418508]
Ordinal0 [0x002495EC+431596]
Ordinal0 [0x002494D4+431316]
Ordinal0 [0x00252EF0+470768]
Ordinal0 [0x002094BE+169150]
Ordinal0 [0x002088DD+166109]
Ordinal0 [0x00206FEB+159723]
Ordinal0 [0x001F09F6+68086]
Ordinal0 [0x001F1990+72080]
Ordinal0 [0x001F1929+71977]
GetHandleVerifier [0x00482E8C+1172172]
GetHandleVerifier [0x003DFE55+504469]
GetHandleVerifier [0x003DFBF0+503856]
Ordinal0 [0x0034C9C8+1493448]
GetHandleVerifier [0x003E062A+506474]
Ordinal0 [0x002D7156+1012054]
Ordinal0 [0x002D6FCF+1011663]
Ordinal0 [0x002E135B+1053531]
Ordinal0 [0x002E14C3+1053891]
Ordinal0 [0x002E04F5+1049845]
BaseThreadInitThunk [0x74BD8494+36]
RtlAreBitsSet [0x77AA41C8+136]
RtlAreBitsSet [0x77AA4198+88]

at sun.reflect.NativeConstructorAccessorImpl.newInstance0(Native Method)
at sun.reflect.NativeConstructorAccessorImpl.newInstance(NativeConstructorAccessorImpl.java:62)
at sun.reflect.DelegatingConstructorAccessorImpl.newInstance(DelegatingConstructorAccessorImpl.java:45)
at java.lang.reflect.Constructor.newInstance(Constructor.java:423)
at org.openqa.selenium.remote.W3CHandshakeResponse.lambda$errorHandler$0(W3CHandshakeResponse.java:62)
at org.openqa.selenium.remote.HandshakeResponse.lambda$getResponseFunction$0(HandshakeResponse.java:30)
at org.openqa.selenium.remote.ProtocolHandshake.lambda$createSession$0(ProtocolHandshake.java:126)
at java.util.stream.ReferencePipeline$3$1.accept(ReferencePipeline.java:193)
at java.util.Spliterators$ArraySpliterator.tryAdvance(Spliterators.java:958)
at java.util.stream.ReferencePipeline.forEachWithCancel(ReferencePipeline.java:126)
at java.util.stream.AbstractPipeline.copyIntoWithCancel(AbstractPipeline.java:498)
at java.util.stream.AbstractPipeline.copyInto(AbstractPipeline.java:485)
at java.util.stream.AbstractPipeline.wrapAndCopyInto(AbstractPipeline.java:471)
at java.util.stream.FindOps$FindOp.evaluateSequential(FindOps.java:152)
at java.util.stream.AbstractPipeline.evaluate(AbstractPipeline.java:234)
at java.util.stream.ReferencePipeline.findFirst(ReferencePipeline.java:464)
at org.openqa.selenium.remote.ProtocolHandshake.createSession(ProtocolHandshake.java:128)
at org.openqa.selenium.remote.ProtocolHandshake.createSession(ProtocolHandshake.java:74)
at org.openqa.selenium.remote.HttpCommandExecutor.execute(HttpCommandExecutor.java:136)
at org.openqa.selenium.remote.service.DriverCommandExecutor.execute(DriverCommandExecutor.java:83)
at org.openqa.selenium.remote.RemoteWebDriver.execute(RemoteWebDriver.java:552)
at org.openqa.selenium.remote.RemoteWebDriver.startSession(RemoteWebDriver.java:213)
at org.openqa.selenium.remote.RemoteWebDriver.<init>(RemoteWebDriver.java:131)
at org.openqa.selenium.chrome.ChromeDriver.<init>(ChromeDriver.java:181)
at org.openqa.selenium.chrome.ChromeDriver.<init>(ChromeDriver.java:168)
at org.openqa.selenium.chrome.ChromeDriver.<init>(ChromeDriver.java:123)
at sample.Action.beforeClass(Action.java:34)
at sun.reflect.NativeMethodAccessorImpl.invoke0(Native Method)
at sun.reflect.NativeMethodAccessorImpl.invoke(NativeMethodAccessorImpl.java:62)
at sun.reflect.DelegatingMethodAccessorImpl.invoke(DelegatingMethodAccessorImpl.java:43)
at java.lang.reflect.Method.invoke(Method.java:498)
at org.testng.internal.MethodInvocationHelper.invokeMethod(MethodInvocationHelper.java:124)
at org.testng.internal.MethodInvocationHelper.invokeMethodConsideringTimeout(MethodInvocationHelper.java:59)
at org.testng.internal.Invoker.invokeConfigurationMethod(Invoker.java:458)
at org.testng.internal.Invoker.invokeConfigurations(Invoker.java:222)
at org.testng.internal.Invoker.invokeConfigurations(Invoker.java:142)
at org.testng.internal.TestMethodWorker.invokeBeforeClassMethods(TestMethodWorker.java:168)
at org.testng.internal.TestMethodWorker.run(TestMethodWorker.java:105)
at org.testng.TestRunner.privateRun(TestRunner.java:648)
at org.testng.TestRunner.run(TestRunner.java:505)
at org.testng.SuiteRunner.runTest(SuiteRunner.java:455)
at org.testng.SuiteRunner.runSequentially(SuiteRunner.java:450)
at org.testng.SuiteRunner.privateRun(SuiteRunner.java:415)
at org.testng.SuiteRunner.run(SuiteRunner.java:364)
at org.testng.SuiteRunnerWorker.runSuite(SuiteRunnerWorker.java:52)
at org.testng.SuiteRunnerWorker.run(SuiteRunnerWorker.java:84)
at org.testng.TestNG.runSuitesSequentially(TestNG.java:1208)
at org.testng.TestNG.runSuitesLocally(TestNG.java:1137)
at org.testng.TestNG.runSuites(TestNG.java:1049)
at org.testng.TestNG.run(TestNG.java:1017)
at org.testng.remote.AbstractRemoteTestNG.run(AbstractRemoteTestNG.java:132)
at org.testng.remote.RemoteTestNG.initAndRun(RemoteTestNG.java:236)
at org.testng.remote.RemoteTestNG.main(RemoteTestNG.java:81)
]]>
    </error>
  </testcase> <!-- beforeClass -->
  <testcase name="gmail" time="0.000" classname="sample.Action">
    <skipped/>
  </testcase> <!-- gmail -->
</testsuite> <!-- sample.Action -->
